  ImportedModel.cpp
D:\objLoaderShuttle\Release\openGLobjLoader\ImportedModel.cpp(125,36): warning C4267: “return”: 从“size_t”转换到“int”，可能丢失数据
  main.cpp
D:\objLoaderShuttle\Release\openGLobjLoader\camera.h(95,20): warning C4244: “初始化”: 从“double”转换到“GLfloat”，可能丢失数据
D:\objLoaderShuttle\Release\openGLobjLoader\main.cpp(230,23): warning C4305: “初始化”: 从“double”到“float”截断
D:\objLoaderShuttle\Release\openGLobjLoader\main.cpp(257,22): warning C4305: “+=”: 从“double”到“float”截断
D:\objLoaderShuttle\Release\openGLobjLoader\main.cpp(262,22): warning C4305: “-=”: 从“double”到“float”截断
D:\objLoaderShuttle\Release\openGLobjLoader\main.cpp(276,22): warning C4305: “+=”: 从“double”到“float”截断
D:\objLoaderShuttle\Release\openGLobjLoader\main.cpp(281,22): warning C4305: “-=”: 从“double”到“float”截断
D:\objLoaderShuttle\Release\openGLobjLoader\main.cpp(287,25): warning C4305: “+=”: 从“double”到“float”截断
D:\objLoaderShuttle\Release\openGLobjLoader\main.cpp(292,25): warning C4305: “-=”: 从“double”到“float”截断
D:\objLoaderShuttle\Release\openGLobjLoader\main.cpp(314,26): warning C4244: “=”: 从“double”转换到“float”，可能丢失数据
D:\objLoaderShuttle\Release\openGLobjLoader\main.cpp(315,14): warning C4244: “=”: 从“double”转换到“float”，可能丢失数据
D:\objLoaderShuttle\Release\openGLobjLoader\main.cpp(521,15): warning C4244: “=”: 从“double”转换到“float”，可能丢失数据
D:\objLoaderShuttle\Release\openGLobjLoader\main.cpp(522,15): warning C4244: “=”: 从“double”转换到“float”，可能丢失数据
D:\objLoaderShuttle\Release\openGLobjLoader\main.cpp(529,14): warning C4244: “=”: 从“double”转换到“float”，可能丢失数据
D:\objLoaderShuttle\Release\openGLobjLoader\main.cpp(530,14): warning C4244: “=”: 从“double”转换到“float”，可能丢失数据
D:\objLoaderShuttle\Release\openGLobjLoader\main.cpp(532,43): warning C4244: “参数”: 从“double”转换到“GLfloat”，可能丢失数据
D:\objLoaderShuttle\Release\openGLobjLoader\main.cpp(532,31): warning C4244: “参数”: 从“double”转换到“GLfloat”，可能丢失数据
D:\objLoaderShuttle\Release\openGLobjLoader\main.cpp(538,32): warning C4244: “参数”: 从“double”转换到“GLfloat”，可能丢失数据
  Utils.cpp
  正在生成代码
  Previous IPDB not found, fall back to full compilation.
  All 639 functions were compiled because no usable IPDB/IOBJ from previous compilation was found.
  已完成代码的生成
  openGLobjLoader.vcxproj -> D:\objLoaderShuttle\Release\openGLobjLoader\x64\Release\openGLobjLoader.exe
